21:24:34.735 INFO [main] org.lenskit.cli.Main: Starting LensKit 3.0-M1 on Java 1.8.0_121 from Oracle Corporation
21:24:34.757 DEBUG [main] org.lenskit.LenskitInfo: have 5573 active revisions
21:24:34.762 DEBUG [main] org.lenskit.cli.Main: Built from Git revision c0210fa3281ef8b15b0959bcd5fced43c5fec38a
21:24:34.762 DEBUG [main] org.lenskit.cli.Main: Using VM 'Java HotSpot(TM) 64-Bit Server VM' version 25.121-b13 from Oracle Corporation
21:24:34.762 INFO [main] org.lenskit.cli.Main: Have 4 processors and heap limit of 1796 MiB
21:24:34.773 INFO [main] org.lenskit.cli.util.RecommenderLoader: creating fresh recommender
21:24:35.001 INFO [main] org.lenskit.config.ConfigurationLoader: loading script from file:/D:/project/recommender%20System%20Course/week2/nonpers-assignment/etc/mean.groovy
21:24:35.394 DEBUG [main] org.lenskit.data.dao.file.TextEntitySource: loading source ratings with base URI file:/D:/project/recommender%20System%20Course/week2/nonpers-assignment/data/movielens.yml
21:24:35.395 DEBUG [main] org.lenskit.data.dao.file.TextEntitySource: resolved file URI: file:/D:/project/recommender%20System%20Course/week2/nonpers-assignment/data/ratings.csv
21:24:35.402 INFO [main] org.lenskit.data.dao.file.TextEntitySource: loading text file source ratings to read from file:/D:/project/recommender%20System%20Course/week2/nonpers-assignment/data/ratings.csv
21:24:35.407 DEBUG [main] org.lenskit.data.dao.file.TextEntitySource: ratings: using delimiter ,
21:24:35.407 DEBUG [main] org.lenskit.data.dao.file.TextEntitySource: ratings: reading header
21:24:35.407 DEBUG [main] org.lenskit.data.dao.file.TextEntitySource: ratings: reading entities of type EntityType[rating]
21:24:35.443 DEBUG [main] org.lenskit.data.dao.file.TextEntitySource: class org.lenskit.data.ratings.RatingBuilder: using entity builder {}
21:24:35.443 DEBUG [main] org.lenskit.data.dao.file.TextEntitySource: loading source movies with base URI file:/D:/project/recommender%20System%20Course/week2/nonpers-assignment/data/movielens.yml
21:24:35.443 DEBUG [main] org.lenskit.data.dao.file.TextEntitySource: resolved file URI: file:/D:/project/recommender%20System%20Course/week2/nonpers-assignment/data/movies.csv
21:24:35.443 INFO [main] org.lenskit.data.dao.file.TextEntitySource: loading text file source movies to read from file:/D:/project/recommender%20System%20Course/week2/nonpers-assignment/data/movies.csv
21:24:35.444 DEBUG [main] org.lenskit.data.dao.file.TextEntitySource: movies: using delimiter ,
21:24:35.444 DEBUG [main] org.lenskit.data.dao.file.TextEntitySource: movies: reading header
21:24:35.444 DEBUG [main] org.lenskit.data.dao.file.TextEntitySource: movies: reading entities of type EntityType[item]
21:24:35.444 DEBUG [main] org.lenskit.data.dao.file.TextEntitySource: class org.lenskit.data.entities.BasicEntityBuilder: using entity builder {}
21:24:35.444 DEBUG [main] org.lenskit.data.dao.file.TextEntitySource: loading source tags with base URI file:/D:/project/recommender%20System%20Course/week2/nonpers-assignment/data/movielens.yml
21:24:35.444 DEBUG [main] org.lenskit.data.dao.file.TextEntitySource: resolved file URI: file:/D:/project/recommender%20System%20Course/week2/nonpers-assignment/data/tags.csv
21:24:35.444 INFO [main] org.lenskit.data.dao.file.TextEntitySource: loading text file source tags to read from file:/D:/project/recommender%20System%20Course/week2/nonpers-assignment/data/tags.csv
21:24:35.444 DEBUG [main] org.lenskit.data.dao.file.TextEntitySource: tags: using delimiter ,
21:24:35.444 DEBUG [main] org.lenskit.data.dao.file.TextEntitySource: tags: reading header
21:24:35.444 DEBUG [main] org.lenskit.data.dao.file.TextEntitySource: tags: reading entities of type EntityType[item-tag]
21:24:35.444 DEBUG [main] org.lenskit.data.dao.file.TextEntitySource: class org.lenskit.data.entities.BasicEntityBuilder: using entity builder {}
21:24:35.450 DEBUG [main] org.lenskit.LenskitRecommenderEngineBuilder: building graph from 3 configurations
21:24:35.497 DEBUG [main] org.lenskit.inject.RecommenderInstantiator: replacing nodes in graph with 9 nodes
21:24:35.501 DEBUG [main] org.lenskit.inject.RecommenderInstantiator: found 5 shared nodes
21:24:36.223 INFO [main] org.lenskit.data.dao.file.StaticDataSource: deriving entity type EntityType[user] from EntityType[rating] (column TypedName[user: long])
21:24:36.287 INFO [main] org.lenskit.data.dao.file.StaticDataSource: deriving entity type EntityType[item] from EntityType[rating] (column TypedName[item: long])
21:24:36.312 DEBUG [main] org.lenskit.data.entities.EntityCollectionBuilder: built collection of 2500 entities with type EntityType[item] and 2 indexes
21:24:36.330 DEBUG [main] org.lenskit.data.entities.EntityCollectionBuilder: built collection of 264505 entities with type EntityType[rating] and 2 indexes
21:24:36.340 DEBUG [main] org.lenskit.data.entities.EntityCollectionBuilder: built collection of 94875 entities with type EntityType[item-tag] and 2 indexes
21:24:36.340 DEBUG [main] org.lenskit.data.entities.EntityCollectionBuilder: built collection of 862 entities with type EntityType[user] and 2 indexes
21:24:36.736 DEBUG [main] org.lenskit.mooc.nonpers.mean.ItemMeanModelProvider: 2959 mean:4.258503401360544 value:2504.0 count:588
21:24:36.736 DEBUG [main] org.lenskit.mooc.nonpers.mean.ItemMeanModelProvider: 1203 mean:4.246031746031746 value:802.5 count:189
21:24:36.736 INFO [main] org.lenskit.mooc.nonpers.mean.ItemMeanModelProvider: computed mean ratings for 2500 items
21:24:36.748 DEBUG [main] org.lenskit.inject.RecommenderInstantiator: final graph has 9 nodes
21:24:36.749 INFO [main] org.lenskit.cli.util.RecommenderLoader: built recommender in 1.300 s
21:24:36.753 INFO [main] org.lenskit.cli.commands.GlobalRecommend: using 0 reference items: []
21:24:36.754 INFO [main] org.lenskit.mooc.nonpers.mean.MeanItemBasedItemRecommender: computing 10 recommendations from 2500 items
21:24:36.758 INFO [main] org.lenskit.cli.commands.GlobalRecommend: recommended in 3.891 ms
21:24:36.758 INFO [main] org.lenskit.cli.Main: If you use LensKit in published research, please see http://lenskit.org/research/
