22:46:02.138 INFO [main] org.lenskit.cli.Main: Starting LensKit 3.0-M1 on Java 1.8.0_121 from Oracle Corporation
22:46:02.159 DEBUG [main] org.lenskit.LenskitInfo: have 5573 active revisions
22:46:02.163 DEBUG [main] org.lenskit.cli.Main: Built from Git revision c0210fa3281ef8b15b0959bcd5fced43c5fec38a
22:46:02.163 DEBUG [main] org.lenskit.cli.Main: Using VM 'Java HotSpot(TM) 64-Bit Server VM' version 25.121-b13 from Oracle Corporation
22:46:02.163 INFO [main] org.lenskit.cli.Main: Have 4 processors and heap limit of 1796 MiB
22:46:02.177 INFO [main] org.lenskit.cli.util.RecommenderLoader: creating fresh recommender
22:46:02.432 INFO [main] org.lenskit.config.ConfigurationLoader: loading script from file:/D:/project/recommender%20System%20Course/week2/nonpers-assignment/etc/simple-assoc.groovy
22:46:02.868 DEBUG [main] org.lenskit.data.dao.file.TextEntitySource: loading source ratings with base URI file:/D:/project/recommender%20System%20Course/week2/nonpers-assignment/data/movielens.yml
22:46:02.868 DEBUG [main] org.lenskit.data.dao.file.TextEntitySource: resolved file URI: file:/D:/project/recommender%20System%20Course/week2/nonpers-assignment/data/ratings.csv
22:46:02.881 INFO [main] org.lenskit.data.dao.file.TextEntitySource: loading text file source ratings to read from file:/D:/project/recommender%20System%20Course/week2/nonpers-assignment/data/ratings.csv
22:46:02.887 DEBUG [main] org.lenskit.data.dao.file.TextEntitySource: ratings: using delimiter ,
22:46:02.887 DEBUG [main] org.lenskit.data.dao.file.TextEntitySource: ratings: reading header
22:46:02.887 DEBUG [main] org.lenskit.data.dao.file.TextEntitySource: ratings: reading entities of type EntityType[rating]
22:46:02.921 DEBUG [main] org.lenskit.data.dao.file.TextEntitySource: class org.lenskit.data.ratings.RatingBuilder: using entity builder {}
22:46:02.921 DEBUG [main] org.lenskit.data.dao.file.TextEntitySource: loading source movies with base URI file:/D:/project/recommender%20System%20Course/week2/nonpers-assignment/data/movielens.yml
22:46:02.921 DEBUG [main] org.lenskit.data.dao.file.TextEntitySource: resolved file URI: file:/D:/project/recommender%20System%20Course/week2/nonpers-assignment/data/movies.csv
22:46:02.921 INFO [main] org.lenskit.data.dao.file.TextEntitySource: loading text file source movies to read from file:/D:/project/recommender%20System%20Course/week2/nonpers-assignment/data/movies.csv
22:46:02.922 DEBUG [main] org.lenskit.data.dao.file.TextEntitySource: movies: using delimiter ,
22:46:02.922 DEBUG [main] org.lenskit.data.dao.file.TextEntitySource: movies: reading header
22:46:02.922 DEBUG [main] org.lenskit.data.dao.file.TextEntitySource: movies: reading entities of type EntityType[item]
22:46:02.922 DEBUG [main] org.lenskit.data.dao.file.TextEntitySource: class org.lenskit.data.entities.BasicEntityBuilder: using entity builder {}
22:46:02.922 DEBUG [main] org.lenskit.data.dao.file.TextEntitySource: loading source tags with base URI file:/D:/project/recommender%20System%20Course/week2/nonpers-assignment/data/movielens.yml
22:46:02.922 DEBUG [main] org.lenskit.data.dao.file.TextEntitySource: resolved file URI: file:/D:/project/recommender%20System%20Course/week2/nonpers-assignment/data/tags.csv
22:46:02.922 INFO [main] org.lenskit.data.dao.file.TextEntitySource: loading text file source tags to read from file:/D:/project/recommender%20System%20Course/week2/nonpers-assignment/data/tags.csv
22:46:02.922 DEBUG [main] org.lenskit.data.dao.file.TextEntitySource: tags: using delimiter ,
22:46:02.922 DEBUG [main] org.lenskit.data.dao.file.TextEntitySource: tags: reading header
22:46:02.922 DEBUG [main] org.lenskit.data.dao.file.TextEntitySource: tags: reading entities of type EntityType[item-tag]
22:46:02.923 DEBUG [main] org.lenskit.data.dao.file.TextEntitySource: class org.lenskit.data.entities.BasicEntityBuilder: using entity builder {}
22:46:02.925 DEBUG [main] org.lenskit.LenskitRecommenderEngineBuilder: building graph from 3 configurations
22:46:02.977 DEBUG [main] org.lenskit.inject.RecommenderInstantiator: replacing nodes in graph with 9 nodes
22:46:02.982 DEBUG [main] org.lenskit.inject.RecommenderInstantiator: found 5 shared nodes
22:46:03.751 INFO [main] org.lenskit.data.dao.file.StaticDataSource: deriving entity type EntityType[user] from EntityType[rating] (column TypedName[user: long])
22:46:03.814 INFO [main] org.lenskit.data.dao.file.StaticDataSource: deriving entity type EntityType[item] from EntityType[rating] (column TypedName[item: long])
22:46:04.168 DEBUG [main] org.lenskit.data.entities.EntityCollectionBuilder: built collection of 2500 entities with type EntityType[item] and 2 indexes
22:46:04.187 DEBUG [main] org.lenskit.data.entities.EntityCollectionBuilder: built collection of 264505 entities with type EntityType[rating] and 2 indexes
22:46:04.198 DEBUG [main] org.lenskit.data.entities.EntityCollectionBuilder: built collection of 94875 entities with type EntityType[item-tag] and 2 indexes
22:46:04.198 DEBUG [main] org.lenskit.data.entities.EntityCollectionBuilder: built collection of 862 entities with type EntityType[user] and 2 indexes
22:46:23.033 DEBUG [main] org.lenskit.mooc.nonpers.assoc.BasicAssociationModelProvider: xId:260 yId:480 score:0.788785046728972
22:46:23.035 DEBUG [main] org.lenskit.mooc.nonpers.assoc.BasicAssociationModelProvider: xId:260 yId:356 score:0.8429906542056075
22:46:23.051 DEBUG [main] org.lenskit.mooc.nonpers.assoc.BasicAssociationModelProvider: xId:260 yId:5952 score:0.8411214953271028
22:46:23.056 DEBUG [main] org.lenskit.mooc.nonpers.assoc.BasicAssociationModelProvider: xId:260 yId:1210 score:0.8467289719626169
22:46:23.058 DEBUG [main] org.lenskit.mooc.nonpers.assoc.BasicAssociationModelProvider: xId:260 yId:2571 score:0.9158878504672897
22:46:23.061 DEBUG [main] org.lenskit.mooc.nonpers.assoc.BasicAssociationModelProvider: xId:260 yId:1196 score:0.8990654205607477
22:46:23.062 DEBUG [main] org.lenskit.mooc.nonpers.assoc.BasicAssociationModelProvider: xId:260 yId:296 score:0.8280373831775701
22:46:23.079 DEBUG [main] org.lenskit.mooc.nonpers.assoc.BasicAssociationModelProvider: xId:260 yId:4993 score:0.891588785046729
22:46:23.084 DEBUG [main] org.lenskit.mooc.nonpers.assoc.BasicAssociationModelProvider: xId:260 yId:7153 score:0.8299065420560747
22:46:23.088 DEBUG [main] org.lenskit.mooc.nonpers.assoc.BasicAssociationModelProvider: xId:260 yId:1198 score:0.7906542056074767
22:46:26.642 DEBUG [main] org.lenskit.mooc.nonpers.assoc.AssociationModel: transforming input map for 2500 items into log data
22:46:26.902 DEBUG [main] org.lenskit.inject.RecommenderInstantiator: final graph has 9 nodes
22:46:26.903 INFO [main] org.lenskit.cli.util.RecommenderLoader: built recommender in 23.98 s
22:46:26.907 INFO [main] org.lenskit.cli.commands.GlobalRecommend: using 1 reference items: [260]
22:46:26.910 INFO [main] org.lenskit.cli.commands.GlobalRecommend: recommended in 2.385 ms
22:46:26.911 INFO [main] org.lenskit.cli.Main: If you use LensKit in published research, please see http://lenskit.org/research/
