21:33:53.636 INFO [main] org.lenskit.cli.Main: Starting LensKit 3.0-M1 on Java 1.8.0_121 from Oracle Corporation
21:33:53.657 DEBUG [main] org.lenskit.LenskitInfo: have 5573 active revisions
21:33:53.662 DEBUG [main] org.lenskit.cli.Main: Built from Git revision c0210fa3281ef8b15b0959bcd5fced43c5fec38a
21:33:53.662 DEBUG [main] org.lenskit.cli.Main: Using VM 'Java HotSpot(TM) 64-Bit Server VM' version 25.121-b13 from Oracle Corporation
21:33:53.662 INFO [main] org.lenskit.cli.Main: Have 4 processors and heap limit of 1796 MiB
21:33:53.675 INFO [main] org.lenskit.cli.util.RecommenderLoader: creating fresh recommender
21:33:53.886 INFO [main] org.lenskit.config.ConfigurationLoader: loading script from file:/D:/project/recommender%20System%20Course/week2/nonpers-assignment/etc/damped-mean.groovy
21:33:54.287 DEBUG [main] org.lenskit.data.dao.file.TextEntitySource: loading source ratings with base URI file:/D:/project/recommender%20System%20Course/week2/nonpers-assignment/data/movielens.yml
21:33:54.287 DEBUG [main] org.lenskit.data.dao.file.TextEntitySource: resolved file URI: file:/D:/project/recommender%20System%20Course/week2/nonpers-assignment/data/ratings.csv
21:33:54.298 INFO [main] org.lenskit.data.dao.file.TextEntitySource: loading text file source ratings to read from file:/D:/project/recommender%20System%20Course/week2/nonpers-assignment/data/ratings.csv
21:33:54.303 DEBUG [main] org.lenskit.data.dao.file.TextEntitySource: ratings: using delimiter ,
21:33:54.303 DEBUG [main] org.lenskit.data.dao.file.TextEntitySource: ratings: reading header
21:33:54.303 DEBUG [main] org.lenskit.data.dao.file.TextEntitySource: ratings: reading entities of type EntityType[rating]
21:33:54.337 DEBUG [main] org.lenskit.data.dao.file.TextEntitySource: class org.lenskit.data.ratings.RatingBuilder: using entity builder {}
21:33:54.337 DEBUG [main] org.lenskit.data.dao.file.TextEntitySource: loading source movies with base URI file:/D:/project/recommender%20System%20Course/week2/nonpers-assignment/data/movielens.yml
21:33:54.337 DEBUG [main] org.lenskit.data.dao.file.TextEntitySource: resolved file URI: file:/D:/project/recommender%20System%20Course/week2/nonpers-assignment/data/movies.csv
21:33:54.337 INFO [main] org.lenskit.data.dao.file.TextEntitySource: loading text file source movies to read from file:/D:/project/recommender%20System%20Course/week2/nonpers-assignment/data/movies.csv
21:33:54.338 DEBUG [main] org.lenskit.data.dao.file.TextEntitySource: movies: using delimiter ,
21:33:54.338 DEBUG [main] org.lenskit.data.dao.file.TextEntitySource: movies: reading header
21:33:54.338 DEBUG [main] org.lenskit.data.dao.file.TextEntitySource: movies: reading entities of type EntityType[item]
21:33:54.338 DEBUG [main] org.lenskit.data.dao.file.TextEntitySource: class org.lenskit.data.entities.BasicEntityBuilder: using entity builder {}
21:33:54.338 DEBUG [main] org.lenskit.data.dao.file.TextEntitySource: loading source tags with base URI file:/D:/project/recommender%20System%20Course/week2/nonpers-assignment/data/movielens.yml
21:33:54.338 DEBUG [main] org.lenskit.data.dao.file.TextEntitySource: resolved file URI: file:/D:/project/recommender%20System%20Course/week2/nonpers-assignment/data/tags.csv
21:33:54.338 INFO [main] org.lenskit.data.dao.file.TextEntitySource: loading text file source tags to read from file:/D:/project/recommender%20System%20Course/week2/nonpers-assignment/data/tags.csv
21:33:54.338 DEBUG [main] org.lenskit.data.dao.file.TextEntitySource: tags: using delimiter ,
21:33:54.338 DEBUG [main] org.lenskit.data.dao.file.TextEntitySource: tags: reading header
21:33:54.338 DEBUG [main] org.lenskit.data.dao.file.TextEntitySource: tags: reading entities of type EntityType[item-tag]
21:33:54.339 DEBUG [main] org.lenskit.data.dao.file.TextEntitySource: class org.lenskit.data.entities.BasicEntityBuilder: using entity builder {}
21:33:54.340 DEBUG [main] org.lenskit.LenskitRecommenderEngineBuilder: building graph from 3 configurations
21:33:54.388 DEBUG [main] org.lenskit.inject.RecommenderInstantiator: replacing nodes in graph with 10 nodes
21:33:54.393 DEBUG [main] org.lenskit.inject.RecommenderInstantiator: found 6 shared nodes
21:33:55.125 INFO [main] org.lenskit.data.dao.file.StaticDataSource: deriving entity type EntityType[user] from EntityType[rating] (column TypedName[user: long])
21:33:55.552 INFO [main] org.lenskit.data.dao.file.StaticDataSource: deriving entity type EntityType[item] from EntityType[rating] (column TypedName[item: long])
21:33:55.594 DEBUG [main] org.lenskit.data.entities.EntityCollectionBuilder: built collection of 2500 entities with type EntityType[item] and 2 indexes
21:33:55.615 DEBUG [main] org.lenskit.data.entities.EntityCollectionBuilder: built collection of 264505 entities with type EntityType[rating] and 2 indexes
21:33:55.623 DEBUG [main] org.lenskit.data.entities.EntityCollectionBuilder: built collection of 94875 entities with type EntityType[item-tag] and 2 indexes
21:33:55.624 DEBUG [main] org.lenskit.data.entities.EntityCollectionBuilder: built collection of 862 entities with type EntityType[user] and 2 indexes
21:33:55.681 DEBUG [main] org.lenskit.mooc.nonpers.mean.DampedItemMeanModelProvider: 2959 damped mean:4.2521421779516055 value:2504.0 count:588
21:33:55.682 DEBUG [main] org.lenskit.mooc.nonpers.mean.DampedItemMeanModelProvider: 1203 damped mean:4.226908822295371 value:802.5 count:189
21:33:55.682 INFO [main] org.lenskit.mooc.nonpers.mean.DampedItemMeanModelProvider: computed mean ratings for 2500 items
21:33:55.693 DEBUG [main] org.lenskit.inject.RecommenderInstantiator: final graph has 10 nodes
21:33:55.694 INFO [main] org.lenskit.cli.util.RecommenderLoader: built recommender in 1.354 s
21:33:55.698 INFO [main] org.lenskit.cli.commands.GlobalRecommend: using 0 reference items: []
21:33:55.699 INFO [main] org.lenskit.mooc.nonpers.mean.MeanItemBasedItemRecommender: computing 10 recommendations from 2500 items
21:33:55.701 INFO [main] org.lenskit.cli.commands.GlobalRecommend: recommended in 3.087 ms
21:33:55.702 INFO [main] org.lenskit.cli.Main: If you use LensKit in published research, please see http://lenskit.org/research/
